  Main.cpp
C:\Program Files (x86)\Windows Kits\8.1\Include\shared\minwindef.h(130): warning C4005: 'APIENTRY': macro redefinition
  C:\MOCA_deps\Depends\include\GLFW\glfw3.h(92): note: see previous definition of 'APIENTRY'
c:\users\robot\source\repos\vrviewer\vrviewer\GLobject.h(171): warning C4267: '=': conversion from 'size_t' to 'GLsizei', possible loss of data
c:\users\robot\source\repos\vrviewer\vrviewer\GLobject.h(205): warning C4267: '=': conversion from 'size_t' to 'GLsizei', possible loss of data
c:\users\robot\source\repos\vrviewer\vrviewer\TestScene.h(108): warning C4305: 'argument': truncation from 'double' to 'GLfloat'
c:\users\robot\source\repos\vrviewer\vrviewer\TestScene.h(110): warning C4244: 'argument': conversion from 'int' to 'GLfloat', possible loss of data
c:\users\robot\source\repos\vrviewer\vrviewer\TestScene.h(111): warning C4244: 'argument': conversion from 'int' to 'GLfloat', possible loss of data
c:\users\robot\source\repos\vrviewer\vrviewer\TestScene.h(120): warning C4305: 'argument': truncation from 'double' to 'GLfloat'
c:\users\robot\source\repos\vrviewer\vrviewer\TestScene.h(122): warning C4244: 'argument': conversion from 'int' to 'GLfloat', possible loss of data
c:\users\robot\source\repos\vrviewer\vrviewer\TestScene.h(123): warning C4244: 'argument': conversion from 'int' to 'GLfloat', possible loss of data
c:\users\robot\source\repos\vrviewer\vrviewer\VRrender.h(829): warning C4267: '=': conversion from 'size_t' to 'unsigned int', possible loss of data
c:\users\robot\source\repos\vrviewer\vrviewer\camera_calibration.h(245): warning C4244: '=': conversion from 'double' to 'float', possible loss of data
c:\users\robot\source\repos\vrviewer\vrviewer\camera_calibration.h(309): warning C4244: 'initializing': conversion from 'float' to 'unsigned char', possible loss of data
c:\users\robot\source\repos\vrviewer\vrviewer\camera_calibration.h(332): warning C4244: 'argument': conversion from 'float' to 'int', possible loss of data
C:\Users\robot\Source\Repos\VRviewer\VRviewer\cv_op.h(20): warning C4244: '=': conversion from 'double' to 'float', possible loss of data
  c:\users\robot\source\repos\vrviewer\vrviewer\camera_calibration.h(258): note: see reference to function template instantiation 'cv::Point3_<float> operator *<float>(const cv::Mat &,const cv::Point3_<float> &)' being compiled
C:\Users\robot\Source\Repos\VRviewer\VRviewer\cv_op.h(21): warning C4244: '=': conversion from 'double' to 'float', possible loss of data
C:\Users\robot\Source\Repos\VRviewer\VRviewer\cv_op.h(22): warning C4244: '=': conversion from 'double' to 'float', possible loss of data
C:\Users\robot\Source\Repos\VRviewer\VRviewer\cv_op.h(25): warning C4244: '+=': conversion from 'const double' to 'float', possible loss of data
C:\Users\robot\Source\Repos\VRviewer\VRviewer\cv_op.h(26): warning C4244: '+=': conversion from 'const double' to 'float', possible loss of data
C:\Users\robot\Source\Repos\VRviewer\VRviewer\cv_op.h(27): warning C4244: '+=': conversion from 'const double' to 'float', possible loss of data
  Generating code
  103 of 273 functions (37.7%) were compiled, the rest were copied from previous compilation.
    0 functions were new in current compilation
    12 functions had inline decision re-evaluated but remain unchanged
  Finished generating code
  VRviewer.vcxproj -> C:\Users\robot\Source\Repos\VRviewer\x64\Release\VRviewer.exe
  VRviewer.vcxproj -> C:\Users\robot\Source\Repos\VRviewer\x64\Release\VRviewer.pdb (Full PDB)
